<?xml version="1.0" encoding="UTF-8"?>
<!-- Generated by org.testng.reporters.JUnitReportReporter -->
<testsuite hostname="LAPTOP-TUN1U03P" failures="0" tests="1" name="com.w2a.testcases.OpenAccountTest" time="2.581" errors="0" timestamp="26 Dec 2023 16:55:49 GMT" skipped="0">
  <testcase classname="com.w2a.testcases.OpenAccountTest" name="openAccountTest" time="2.581"/>
</testsuite> <!-- com.w2a.testcases.OpenAccountTest -->
