<?xml version="1.0" encoding="UTF-8"?>
<!-- Generated by org.testng.reporters.JUnitReportReporter -->
<testsuite hostname="LAPTOP-TUN1U03P" failures="0" tests="1" name="com.w2a.testcases.BankManagerLoginTest" time="3.378" errors="0" timestamp="26 Dec 2023 16:55:49 GMT" skipped="0">
  <testcase classname="com.w2a.testcases.BankManagerLoginTest" name="bankManagerLoginTest" time="3.378"/>
</testsuite> <!-- com.w2a.testcases.BankManagerLoginTest -->
